<?xml version="1.0" encoding="UTF-8" ?>
<testsuite failures="0" time="2.704" errors="0" skipped="3" tests="5" name="skeleton.RunCukesTest">
  <properties>
[...]
</properties>
  <testcase time="0.003" classname="Scenario: a few cukes" name="Given I have 42 cukes in my belly"/>
  <testcase time="0.005" classname="Scenario: a few cukes" name="When I wait 1 hour">
    <skipped/>
  </testcase>
  <testcase time="0.007" classname="Scenario: a few cukes" name="Then my belly should growl">
    <skipped/>
    <system-err>933 [main] INFO net.serenitybdd.core.Serenity - TEST PENDING
</system-err>
  </testcase>
  <testcase time="1.344" classname="Scenario: a few cukes" name="Scenario: a few cukes">
    <skipped/>
    <system-err>936 [main] INFO net.serenitybdd.core.Serenity - TEST PENDING
936 [main] INFO net.serenitybdd.core.Serenity - 
            __  _____ _____ ____ _____   ____  _  _____ ____  ____  _____ ____  
  _        / / |_   _| ____/ ___|_   _| / ___|| |/ /_ _|  _ \|  _ \| ____|  _ \ 
 (_)_____ / /    | | |  _| \___ \ | |   \___ \| &apos; / | || |_) | |_) |  _| | | | |
  _|_____/ /     | | | |___ ___) || |    ___) | . \ | ||  __/|  __/| |___| |_| |
 (_)    /_/      |_| |_____|____/ |_|   |____/|_|\_\___|_|   |_|   |_____|____/ 
                                                                                

TEST PENDING: a few cukes
---------------------------------------------------------------------------------
940 [main] INFO net.thucydides.core.reports.ReportService - Reporting formats: [JSON, XML, HTML]
944 [main] INFO net.thucydides.core.reports.ReportService - Found reporter: net.thucydides.core.reports.xml.XMLTestOutcomeReporter@23c4a572(format = Optional.of(XML))
944 [main] INFO net.thucydides.core.reports.ReportService - Registering reporter: net.thucydides.core.reports.xml.XMLTestOutcomeReporter@23c4a572
948 [main] INFO net.thucydides.core.reports.ReportService - Found reporter: net.thucydides.core.reports.json.JSONTestOutcomeReporter@53b49076(format = Optional.of(JSON))
948 [main] INFO net.thucydides.core.reports.ReportService - Registering reporter: net.thucydides.core.reports.json.JSONTestOutcomeReporter@53b49076
1013 [main] INFO net.thucydides.core.reports.ReportService - Found reporter: net.thucydides.core.reports.html.HtmlAcceptanceTestReporter@13fbf741(format = Optional.of(HTML))
1013 [main] INFO net.thucydides.core.reports.ReportService - Registering reporter: net.thucydides.core.reports.html.HtmlAcceptanceTestReporter@13fbf741
1174 [main] INFO net.thucydides.core.reports.ReportService - Generating reports using: net.thucydides.core.reports.xml.XMLTestOutcomeReporter@23c4a572
1180 [main] INFO net.thucydides.core.reports.ReportService - Processing test outcome Belly:a few cukes
1180 [main] INFO net.thucydides.core.reports.ReportService - net.thucydides.core.reports.xml.XMLTestOutcomeReporter@23c4a572: Generating report for test outcome: Belly:a few cukes
1296 [main] INFO net.thucydides.core.reports.xml.XMLTestOutcomeReporter - Generating XML report for a few cukes to file /Users/fhumayun/GitQA/serenityBDD/serenity-cukes/target/site/serenity/fd49834771f4e5022152607d3d4e1b10c0cd22d2f03d82f498dda9bda15a5280.xml
1346 [main] INFO net.thucydides.core.reports.xml.XMLTestOutcomeReporter - XML report generated (/Users/fhumayun/GitQA/serenityBDD/serenity-cukes/target/site/serenity/fd49834771f4e5022152607d3d4e1b10c0cd22d2f03d82f498dda9bda15a5280.xml bytes) 915
1354 [main] INFO net.thucydides.core.reports.ReportService - Report generated for Belly:a few cukes
1354 [main] INFO net.thucydides.core.reports.junit.JUnitXMLOutcomeReporter - GENERATING JUNIT REPORTS
1355 [main] INFO net.thucydides.core.reports.junit.JUnitXMLOutcomeReporter - GENERATING JUNIT REPORT SERENITY-JUNIT-fd49834771f4e5022152607d3d4e1b10c0cd22d2f03d82f498dda9bda15a5280.xml
1620 [main] INFO net.thucydides.core.reports.ReportService - Reports generated in: 446
1620 [main] INFO net.thucydides.core.reports.ReportService - Generating reports using: net.thucydides.core.reports.json.JSONTestOutcomeReporter@53b49076
1621 [main] INFO net.thucydides.core.reports.junit.JUnitXMLOutcomeReporter - GENERATING JUNIT REPORTS
1621 [pool-2-thread-1] INFO net.thucydides.core.reports.ReportService - Processing test outcome Belly:a few cukes
1621 [pool-2-thread-1] INFO net.thucydides.core.reports.ReportService - net.thucydides.core.reports.json.JSONTestOutcomeReporter@53b49076: Generating report for test outcome: Belly:a few cukes
1621 [main] INFO net.thucydides.core.reports.junit.JUnitXMLOutcomeReporter - GENERATING JUNIT REPORT SERENITY-JUNIT-fd49834771f4e5022152607d3d4e1b10c0cd22d2f03d82f498dda9bda15a5280.xml
1649 [pool-2-thread-1] INFO net.thucydides.core.reports.ReportService - Report generated for Belly:a few cukes
1679 [main] INFO net.thucydides.core.reports.ReportService - Reports generated in: 59
1679 [main] INFO net.thucydides.core.reports.ReportService - Generating reports using: net.thucydides.core.reports.html.HtmlAcceptanceTestReporter@13fbf741
1679 [main] INFO net.thucydides.core.reports.junit.JUnitXMLOutcomeReporter - GENERATING JUNIT REPORTS
1679 [pool-3-thread-1] INFO net.thucydides.core.reports.ReportService - Processing test outcome Belly:a few cukes
1679 [pool-3-thread-1] INFO net.thucydides.core.reports.ReportService - net.thucydides.core.reports.html.HtmlAcceptanceTestReporter@13fbf741: Generating report for test outcome: Belly:a few cukes
1680 [main] INFO net.thucydides.core.reports.junit.JUnitXMLOutcomeReporter - GENERATING JUNIT REPORT SERENITY-JUNIT-fd49834771f4e5022152607d3d4e1b10c0cd22d2f03d82f498dda9bda15a5280.xml
1680 [pool-3-thread-1] INFO net.thucydides.core.requirements.RequirementsTagProvider - Reading requirements from net.thucydides.core.requirements.FileSystemRequirementsTagProvider@510eb04b
1680 [pool-3-thread-1] INFO net.thucydides.core.requirements.RequirementsTagProvider - Requirement ancestors for:Requirement{name=&apos;Belly&apos;, type=&apos;capability&apos; parent = &apos;null&apos;, cardNumber=&apos;null&apos;} = [Requirement{name=&apos;Belly&apos;, type=&apos;capability&apos; parent = &apos;null&apos;, cardNumber=&apos;null&apos;}]
1681 [pool-3-thread-1] INFO net.thucydides.core.requirements.RequirementsTagProvider - Requirement ancestors for:Requirement{name=&apos;Belly&apos;, type=&apos;feature&apos; parent = &apos;Belly&apos;, cardNumber=&apos;null&apos;} = [Requirement{name=&apos;Belly&apos;, type=&apos;capability&apos; parent = &apos;null&apos;, cardNumber=&apos;null&apos;}, Requirement{name=&apos;Belly&apos;, type=&apos;feature&apos; parent = &apos;Belly&apos;, cardNumber=&apos;null&apos;}]
1681 [pool-3-thread-1] INFO net.thucydides.core.requirements.RequirementsTagProvider - Requirement ancestors for:Requirement{name=&apos;Calculator&apos;, type=&apos;capability&apos; parent = &apos;null&apos;, cardNumber=&apos;null&apos;} = [Requirement{name=&apos;Calculator&apos;, type=&apos;capability&apos; parent = &apos;null&apos;, cardNumber=&apos;null&apos;}]
1681 [pool-3-thread-1] INFO net.thucydides.core.requirements.RequirementsTagProvider - Requirement ancestors for:Requirement{name=&apos;Calculator&apos;, type=&apos;feature&apos; parent = &apos;Calculator&apos;, cardNumber=&apos;null&apos;} = [Requirement{name=&apos;Calculator&apos;, type=&apos;capability&apos; parent = &apos;null&apos;, cardNumber=&apos;null&apos;}, Requirement{name=&apos;Calculator&apos;, type=&apos;feature&apos; parent = &apos;Calculator&apos;, cardNumber=&apos;null&apos;}]
1681 [pool-3-thread-1] INFO net.thucydides.core.requirements.RequirementsTagProvider - Requirement ancestors for:Requirement{name=&apos;Fizzbuzz&apos;, type=&apos;capability&apos; parent = &apos;null&apos;, cardNumber=&apos;null&apos;} = [Requirement{name=&apos;Fizzbuzz&apos;, type=&apos;capability&apos; parent = &apos;null&apos;, cardNumber=&apos;null&apos;}]
1681 [pool-3-thread-1] INFO net.thucydides.core.requirements.RequirementsTagProvider - Requirement ancestors for:Requirement{name=&apos;Fizz buzz game&apos;, type=&apos;feature&apos; parent = &apos;Fizzbuzz&apos;, cardNumber=&apos;null&apos;} = [Requirement{name=&apos;Fizzbuzz&apos;, type=&apos;capability&apos; parent = &apos;null&apos;, cardNumber=&apos;null&apos;}, Requirement{name=&apos;Fizz buzz game&apos;, type=&apos;feature&apos; parent = &apos;Fizzbuzz&apos;, cardNumber=&apos;null&apos;}]
1682 [pool-3-thread-1] INFO net.thucydides.core.requirements.RequirementsTagProvider - Requirement ancestors for:Requirement{name=&apos;Search&apos;, type=&apos;capability&apos; parent = &apos;null&apos;, cardNumber=&apos;null&apos;} = [Requirement{name=&apos;Search&apos;, type=&apos;capability&apos; parent = &apos;null&apos;, cardNumber=&apos;null&apos;}]
1682 [pool-3-thread-1] INFO net.thucydides.core.requirements.RequirementsTagProvider - Requirement ancestors for:Requirement{name=&apos;Searching by keyword&apos;, type=&apos;feature&apos; parent = &apos;Search&apos;, cardNumber=&apos;null&apos;} = [Requirement{name=&apos;Search&apos;, type=&apos;capability&apos; parent = &apos;null&apos;, cardNumber=&apos;null&apos;}, Requirement{name=&apos;Searching by keyword&apos;, type=&apos;feature&apos; parent = &apos;Search&apos;, cardNumber=&apos;null&apos;}]
1682 [pool-3-thread-1] INFO net.thucydides.core.requirements.RequirementsTagProvider - Requirements found:[Requirement{name=&apos;Belly&apos;, type=&apos;capability&apos; parent = &apos;null&apos;, cardNumber=&apos;null&apos;}, Requirement{name=&apos;Calculator&apos;, type=&apos;capability&apos; parent = &apos;null&apos;, cardNumber=&apos;null&apos;}, Requirement{name=&apos;Fizzbuzz&apos;, type=&apos;capability&apos; parent = &apos;null&apos;, cardNumber=&apos;null&apos;}, Requirement{name=&apos;Search&apos;, type=&apos;capability&apos; parent = &apos;null&apos;, cardNumber=&apos;null&apos;}]
2252 [pool-3-thread-1] INFO net.thucydides.core.reports.html.HtmlAcceptanceTestReporter - GENERATING HTML REPORT FOR Belly:a few cukes =&gt; fd49834771f4e5022152607d3d4e1b10c0cd22d2f03d82f498dda9bda15a5280.html
2265 [pool-3-thread-1] INFO net.thucydides.core.reports.ReportService - Report generated for Belly:a few cukes
2270 [main] INFO net.thucydides.core.reports.ReportService - Reports generated in: 591
</system-err>
  </testcase>
  <testcase time="1.345" classname="Scenario: a few cukes" name="Scenario: a few cukes"/>
</testsuite>